<html>
<head>
<title>TestNG:  ShowsPage</title>
<link href="../testng.css" rel="stylesheet" type="text/css" />
<link href="../my-testng.css" rel="stylesheet" type="text/css" />

<style type="text/css">
.log { display: none;} 
.stack-trace { display: none;} 
</style>
<script type="text/javascript">
<!--
function flip(e) {
  current = e.style.display;
  if (current == 'block') {
    e.style.display = 'none';
    return 0;
  }
  else {
    e.style.display = 'block';
    return 1;
  }
}

function toggleBox(szDivId, elem, msg1, msg2)
{
  var res = -1;  if (document.getElementById) {
    res = flip(document.getElementById(szDivId));
  }
  else if (document.all) {
    // this is the way old msie versions work
    res = flip(document.all[szDivId]);
  }
  if(elem) {
    if(res == 0) elem.innerHTML = msg1; else elem.innerHTML = msg2;
  }

}

function toggleAllBoxes() {
  if (document.getElementsByTagName) {
    d = document.getElementsByTagName('div');
    for (i = 0; i < d.length; i++) {
      if (d[i].className == 'log') {
        flip(d[i]);
      }
    }
  }
}

// -->
</script>

</head>
<body>
<h2 align='center'>ShowsPage</h2><table border='1' align="center">
<tr>
<td>Tests passed/Failed/Skipped:</td><td>5/1/0</td>
</tr><tr>
<td>Started on:</td><td>Fri Jun 16 23:21:29 IST 2023</td>
</tr>
<tr><td>Total time:</td><td>499 seconds (499034 ms)</td>
</tr><tr>
<td>Included groups:</td><td></td>
</tr><tr>
<td>Excluded groups:</td><td></td>
</tr>
</table><p/>
<small><i>(Hover the method name to see the test class name)</i></small><p/>
<table width='100%' border='1' class='invocation-failed'>
<tr><td colspan='4' align='center'><b>FAILED TESTS</b></td></tr>
<tr><td><b>Test method</b></td>
<td width="30%"><b>Exception</b></td>
<td width="10%"><b>Time (seconds)</b></td>
<td><b>Instance</b></td>
</tr>
<tr>
<td title='showsPage.VerifyKidsCategoryPosition.verifyKidsCategoryPosition()'><b>verifyKidsCategoryPosition</b><br>Test class: showsPage.VerifyKidsCategoryPosition<br>Test method: C2251311- Verify_that_the_kids_section_is_8th_on_the_Nav_bar_of_show_browse_page<br/>
<a href="#Output-202438568" onClick='toggleBox("Output-202438568", this, "Show output", "Hide output");'>Show output</a>

<a href="#Output-202438568" onClick="toggleAllBoxes();">Show all outputs</a>
<div class='log' id="Output-202438568">
Test started- verifyKidsCategoryPosition<br/>
Test failed- verifyKidsCategoryPosition<br/>
</div>
</td>
<td><div><pre>org.openqa.selenium.TimeoutException: Expected condition failed: waiting for url to contain &quot;shows&quot;. Current url: &quot;https://stage.paramountplus.com/browse/&quot; (tried for 30 second(s) with 500 milliseconds interval)
Build info: version: &apos;4.8.1&apos;, revision: &apos;8ebccac989&apos;
System info: os.name: &apos;Windows 11&apos;, os.arch: &apos;amd64&apos;, os.version: &apos;10.0&apos;, java.version: &apos;17.0.6&apos;
Driver info: org.openqa.selenium.chrome.ChromeDriver
Capabilities {acceptInsecureCerts: false, browserName: chrome, browserVersion: 114.0.5735.134, chrome: {chromedriverVersion: 114.0.5735.90 (386bc09e8f4f..., userDataDir: C:\Users\RAHULR~1.360\AppDa...}, goog:chromeOptions: {debuggerAddress: localhost:61864}, networkConnectionEnabled: false, pageLoadStrategy: normal, platformName: WINDOWS, proxy: Proxy(), se:cdp: ws://localhost:61864/devtoo..., se:cdpVersion: 114.0.5735.134, setWindowRect: true, strictFileInteractability: false, timeouts: {implicit: 0, pageLoad: 300000, script: 30000}, unhandledPromptBehavior: dismiss and notify, webauthn:extension:credBlob: true, webauthn:extension:largeBlob: true, webauthn:extension:minPinLength: true, webauthn:extension:prf: true, webauthn:virtualAuthenticators: true}
Session ID: 9fe08b776014762fb374e2f3d6aec166
	at org.openqa.selenium.support.ui.WebDriverWait.timeoutException(WebDriverWait.java:87)
	at org.openqa.selenium.support.ui.FluentWait.until(FluentWait.java:231)
	at com.paramountplus.genericUtility.WebDriverUtility.waitTillcurrectURLContains(WebDriverUtility.java:515)
	at showsPage.VerifyKidsCategoryPosition.verifyKidsCategoryPosition(VerifyKidsCategoryPosition.java:29)
	at java.base/java.util.ArrayList.forEach(ArrayList.java:1511)
... Removed 27 stack frames</pre></div><a href='#' onClick='toggleBox("stack-trace202438568", this, "Click to show all stack frames", "Click to hide stack frames")'>Click to show all stack frames</a>
<div class='stack-trace' id='stack-trace202438568'><pre>org.openqa.selenium.TimeoutException: Expected condition failed: waiting for url to contain &quot;shows&quot;. Current url: &quot;https://stage.paramountplus.com/browse/&quot; (tried for 30 second(s) with 500 milliseconds interval)
Build info: version: &apos;4.8.1&apos;, revision: &apos;8ebccac989&apos;
System info: os.name: &apos;Windows 11&apos;, os.arch: &apos;amd64&apos;, os.version: &apos;10.0&apos;, java.version: &apos;17.0.6&apos;
Driver info: org.openqa.selenium.chrome.ChromeDriver
Capabilities {acceptInsecureCerts: false, browserName: chrome, browserVersion: 114.0.5735.134, chrome: {chromedriverVersion: 114.0.5735.90 (386bc09e8f4f..., userDataDir: C:\Users\RAHULR~1.360\AppDa...}, goog:chromeOptions: {debuggerAddress: localhost:61864}, networkConnectionEnabled: false, pageLoadStrategy: normal, platformName: WINDOWS, proxy: Proxy(), se:cdp: ws://localhost:61864/devtoo..., se:cdpVersion: 114.0.5735.134, setWindowRect: true, strictFileInteractability: false, timeouts: {implicit: 0, pageLoad: 300000, script: 30000}, unhandledPromptBehavior: dismiss and notify, webauthn:extension:credBlob: true, webauthn:extension:largeBlob: true, webauthn:extension:minPinLength: true, webauthn:extension:prf: true, webauthn:virtualAuthenticators: true}
Session ID: 9fe08b776014762fb374e2f3d6aec166
	at org.openqa.selenium.support.ui.WebDriverWait.timeoutException(WebDriverWait.java:87)
	at org.openqa.selenium.support.ui.FluentWait.until(FluentWait.java:231)
	at com.paramountplus.genericUtility.WebDriverUtility.waitTillcurrectURLContains(WebDriverUtility.java:515)
	at showsPage.VerifyKidsCategoryPosition.verifyKidsCategoryPosition(VerifyKidsCategoryPosition.java:29)
	at java.base/jdk.internal.reflect.NativeMethodAccessorImpl.invoke0(Native Method)
	at java.base/jdk.internal.reflect.NativeMethodAccessorImpl.invoke(NativeMethodAccessorImpl.java:77)
	at java.base/jdk.internal.reflect.DelegatingMethodAccessorImpl.invoke(DelegatingMethodAccessorImpl.java:43)
	at java.base/java.lang.reflect.Method.invoke(Method.java:568)
	at org.testng.internal.MethodInvocationHelper.invokeMethod(MethodInvocationHelper.java:133)
	at org.testng.internal.TestInvoker.invokeMethod(TestInvoker.java:598)
	at org.testng.internal.TestInvoker.invokeTestMethod(TestInvoker.java:173)
	at org.testng.internal.MethodRunner.runInSequence(MethodRunner.java:46)
	at org.testng.internal.TestInvoker$MethodInvocationAgent.invoke(TestInvoker.java:824)
	at org.testng.internal.TestInvoker.invokeTestMethods(TestInvoker.java:146)
	at org.testng.internal.TestMethodWorker.invokeTestMethods(TestMethodWorker.java:146)
	at org.testng.internal.TestMethodWorker.run(TestMethodWorker.java:128)
	at java.base/java.util.ArrayList.forEach(ArrayList.java:1511)
	at org.testng.TestRunner.privateRun(TestRunner.java:794)
	at org.testng.TestRunner.run(TestRunner.java:596)
	at org.testng.SuiteRunner.runTest(SuiteRunner.java:377)
	at org.testng.SuiteRunner.runSequentially(SuiteRunner.java:371)
	at org.testng.SuiteRunner.privateRun(SuiteRunner.java:332)
	at org.testng.SuiteRunner.run(SuiteRunner.java:276)
	at org.testng.SuiteRunnerWorker.runSuite(SuiteRunnerWorker.java:53)
	at org.testng.SuiteRunnerWorker.run(SuiteRunnerWorker.java:96)
	at org.testng.TestNG.runSuitesSequentially(TestNG.java:1212)
	at org.testng.TestNG.runSuitesLocally(TestNG.java:1134)
	at org.testng.TestNG.runSuites(TestNG.java:1063)
	at org.testng.TestNG.run(TestNG.java:1031)
	at org.testng.remote.AbstractRemoteTestNG.run(AbstractRemoteTestNG.java:115)
	at org.testng.remote.RemoteTestNG.initAndRun(RemoteTestNG.java:251)
	at org.testng.remote.RemoteTestNG.main(RemoteTestNG.java:77)
</pre></div></td>
<td>93</td>
<td>showsPage.VerifyKidsCategoryPosition@18271936</td></tr>
</table><p>
<table width='100%' border='1' class='invocation-passed'>
<tr><td colspan='4' align='center'><b>PASSED TESTS</b></td></tr>
<tr><td><b>Test method</b></td>
<td width="30%"><b>Exception</b></td>
<td width="10%"><b>Time (seconds)</b></td>
<td><b>Instance</b></td>
</tr>
<tr>
<td title='showsPage.VerifyRegisteredUserSeeRainmaker.verifyRegisteredUserSeeRainmaker()'><b>verifyRegisteredUserSeeRainmaker</b><br>Test class: showsPage.VerifyRegisteredUserSeeRainmaker<br>Test method: C1503125_Navigate_to_Shows_page_&_C1503129_Show_page_Registered_user_See_Rainmaker_&_C1503139_'X'_to_dismiss_&_C1503140_Try_it_Free CTA<br/>
<a href="#Output-1856828350" onClick='toggleBox("Output-1856828350", this, "Show output", "Hide output");'>Show output</a>

<a href="#Output-1856828350" onClick="toggleAllBoxes();">Show all outputs</a>
<div class='log' id="Output-1856828350">
Test started- verifyRegisteredUserSeeRainmaker<br/>
Test completed successfully- verifyRegisteredUserSeeRainmaker<br/>
</div>
</td>
<td></td>
<td>45</td>
<td>showsPage.VerifyRegisteredUserSeeRainmaker@68c9133c</td></tr>
<tr>
<td title='showsPage.VerifyWatchlistSelectedShow.verifyWatchlistSelectedShow()'><b>verifyWatchlistSelectedShow</b><br>Test class: showsPage.VerifyWatchlistSelectedShow<br>Test method: C1533416-Navigate_to_a_selected-watchlist_show_page_&_C1534294-Remove_Show_from_the_Watchlist<br/>
<a href="#Output-1514502817" onClick='toggleBox("Output-1514502817", this, "Show output", "Hide output");'>Show output</a>

<a href="#Output-1514502817" onClick="toggleAllBoxes();">Show all outputs</a>
<div class='log' id="Output-1514502817">
Test started- verifyWatchlistSelectedShow<br/>
Test completed successfully- verifyWatchlistSelectedShow<br/>
</div>
</td>
<td></td>
<td>74</td>
<td>showsPage.VerifyWatchlistSelectedShow@8458f04</td></tr>
<tr>
<td title='showsPage.VerifyAnonymousUserSeeRainmaker.verifyShowPageRainmaker()'><b>verifyShowPageRainmaker</b><br>Test class: showsPage.VerifyAnonymousUserSeeRainmaker<br>Test method: C1503125_Navigate_to_Shows_page_&_C1503127_Show_page_Anonymous_user_See_Rainmaker_&_C1503131_'X'_to_dismiss_&_C1503137_Try_it_Free CTA<br/>
<a href="#Output-575233839" onClick='toggleBox("Output-575233839", this, "Show output", "Hide output");'>Show output</a>

<a href="#Output-575233839" onClick="toggleAllBoxes();">Show all outputs</a>
<div class='log' id="Output-575233839">
Test started- verifyShowPageRainmaker<br/>
Test completed successfully- verifyShowPageRainmaker<br/>
</div>
</td>
<td></td>
<td>37</td>
<td>showsPage.VerifyAnonymousUserSeeRainmaker@48075da3</td></tr>
<tr>
<td title='showsPage.VerifyNonWatchlistSelectedShow.verifyNonWatchlistSelectedShow()'><b>verifyNonWatchlistSelectedShow</b><br>Test class: showsPage.VerifyNonWatchlistSelectedShow<br>Test method: C1533413-Navigate_to_a_non-watchlist_selected_show_page_&_C1533533- Add_Show_to_the_Watchlist<br/>
<a href="#Output-772801497" onClick='toggleBox("Output-772801497", this, "Show output", "Hide output");'>Show output</a>

<a href="#Output-772801497" onClick="toggleAllBoxes();">Show all outputs</a>
<div class='log' id="Output-772801497">
Test started- verifyNonWatchlistSelectedShow<br/>
Test completed successfully- verifyNonWatchlistSelectedShow<br/>
</div>
</td>
<td></td>
<td>73</td>
<td>showsPage.VerifyNonWatchlistSelectedShow@606e4010</td></tr>
<tr>
<td title='showsPage.VerifyHideRainmaker.verifyHideRainmaker()'><b>verifyHideRainmaker</b><br>Test class: showsPage.VerifyHideRainmaker<br/>
<a href="#Output-319123198" onClick='toggleBox("Output-319123198", this, "Show output", "Hide output");'>Show output</a>

<a href="#Output-319123198" onClick="toggleAllBoxes();">Show all outputs</a>
<div class='log' id="Output-319123198">
Test started- verifyHideRainmaker<br/>
Test completed successfully- verifyHideRainmaker<br/>
</div>
</td>
<td></td>
<td>113</td>
<td>showsPage.VerifyHideRainmaker@16eb3ea3</td></tr>
</table><p>
</body>
</html>