<html>
<head>
<title>TestNG:  UserProfile</title>
<link href="../testng.css" rel="stylesheet" type="text/css" />
<link href="../my-testng.css" rel="stylesheet" type="text/css" />

<style type="text/css">
.log { display: none;} 
.stack-trace { display: none;} 
</style>
<script type="text/javascript">
<!--
function flip(e) {
  current = e.style.display;
  if (current == 'block') {
    e.style.display = 'none';
    return 0;
  }
  else {
    e.style.display = 'block';
    return 1;
  }
}

function toggleBox(szDivId, elem, msg1, msg2)
{
  var res = -1;  if (document.getElementById) {
    res = flip(document.getElementById(szDivId));
  }
  else if (document.all) {
    // this is the way old msie versions work
    res = flip(document.all[szDivId]);
  }
  if(elem) {
    if(res == 0) elem.innerHTML = msg1; else elem.innerHTML = msg2;
  }

}

function toggleAllBoxes() {
  if (document.getElementsByTagName) {
    d = document.getElementsByTagName('div');
    for (i = 0; i < d.length; i++) {
      if (d[i].className == 'log') {
        flip(d[i]);
      }
    }
  }
}

// -->
</script>

</head>
<body>
<h2 align='center'>UserProfile</h2><table border='1' align="center">
<tr>
<td>Tests passed/Failed/Skipped:</td><td>8/2/0</td>
</tr><tr>
<td>Started on:</td><td>Wed Sep 20 23:47:40 IST 2023</td>
</tr>
<tr><td>Total time:</td><td>790 seconds (790004 ms)</td>
</tr><tr>
<td>Included groups:</td><td></td>
</tr><tr>
<td>Excluded groups:</td><td></td>
</tr>
</table><p/>
<small><i>(Hover the method name to see the test class name)</i></small><p/>
<table width='100%' border='1' class='invocation-failed'>
<tr><td colspan='4' align='center'><b>FAILED TESTS</b></td></tr>
<tr><td><b>Test method</b></td>
<td width="30%"><b>Exception</b></td>
<td width="10%"><b>Time (seconds)</b></td>
<td><b>Instance</b></td>
</tr>
<tr>
<td title='userProfile.VerifyProfileNameAndAvatarImg.deleteProfile()'><b>deleteProfile</b><br>Test class: userProfile.VerifyProfileNameAndAvatarImg<br>Test method: Delete created user profile<br/>
<a href="#Output-1614109893" onClick='toggleBox("Output-1614109893", this, "Show output", "Hide output");'>Show output</a>

<a href="#Output-1614109893" onClick="toggleAllBoxes();">Show all outputs</a>
<div class='log' id="Output-1614109893">
Test started- deleteProfile<br/>
Test failed- deleteProfile<br/>
</div>
</td>
<td><div><pre>org.openqa.selenium.TimeoutException: java.util.concurrent.TimeoutException
Build info: version: &apos;4.11.0&apos;, revision: &apos;040bc5406b&apos;
System info: os.name: &apos;Windows 11&apos;, os.arch: &apos;amd64&apos;, os.version: &apos;10.0&apos;, java.version: &apos;17.0.6&apos;
Driver info: org.openqa.selenium.chrome.ChromeDriver
Command: [507140aadcc023176e4d8c63bc8e95bf, goBack {}]
Capabilities {acceptInsecureCerts: false, browserName: chrome, browserVersion: 116.0.5845.188, chrome: {chromedriverVersion: 116.0.5845.96 (1a3918166880..., userDataDir: C:\Users\RAHULR~1.360\AppDa...}, fedcm:accounts: true, goog:chromeOptions: {debuggerAddress: localhost:59987}, networkConnectionEnabled: false, pageLoadStrategy: normal, platformName: windows, proxy: Proxy(), se:cdp: ws://localhost:59987/devtoo..., se:cdpVersion: 116.0.5845.188, setWindowRect: true, strictFileInteractability: false, timeouts: {implicit: 0, pageLoad: 300000, script: 30000}, unhandledPromptBehavior: dismiss and notify, webauthn:extension:credBlob: true, webauthn:extension:largeBlob: true, webauthn:extension:minPinLength: true, webauthn:extension:prf: true, webauthn:virtualAuthenticators: true}
Session ID: 507140aadcc023176e4d8c63bc8e95bf
	at org.openqa.selenium.remote.http.jdk.JdkHttpClient.execute0(JdkHttpClient.java:391)
	at org.openqa.selenium.remote.http.AddSeleniumUserAgent.lambda$apply$0(AddSeleniumUserAgent.java:42)
	at org.openqa.selenium.remote.http.Filter.lambda$andFinally$1(Filter.java:55)
	at org.openqa.selenium.remote.http.jdk.JdkHttpClient.execute(JdkHttpClient.java:347)
	at org.openqa.selenium.remote.HttpCommandExecutor.execute(HttpCommandExecutor.java:188)
	at org.openqa.selenium.remote.service.DriverCommandExecutor.invokeExecute(DriverCommandExecutor.java:196)
	at org.openqa.selenium.remote.service.DriverCommandExecutor.execute(DriverCommandExecutor.java:171)
	at org.openqa.selenium.remote.RemoteWebDriver.execute(RemoteWebDriver.java:518)
	at org.openqa.selenium.remote.RemoteWebDriver.execute(RemoteWebDriver.java:591)
	at org.openqa.selenium.remote.RemoteWebDriver.execute(RemoteWebDriver.java:595)
	at org.openqa.selenium.remote.RemoteWebDriver$RemoteNavigation.back(RemoteWebDriver.java:997)
	at userProfile.VerifyProfileNameAndAvatarImg.deleteProfile(VerifyProfileNameAndAvatarImg.java:72)
	at java.base/java.util.ArrayList.forEach(ArrayList.java:1511)
Caused by: java.util.concurrent.TimeoutException
	at java.base/java.util.concurrent.CompletableFuture.timedGet(CompletableFuture.java:1960)
	at java.base/java.util.concurrent.CompletableFuture.get(CompletableFuture.java:2095)
	at org.openqa.selenium.remote.http.jdk.JdkHttpClient.execute0(JdkHttpClient.java:374)
	... 39 more
... Removed 27 stack frames</pre></div><a href='#' onClick='toggleBox("stack-trace1614109893", this, "Click to show all stack frames", "Click to hide stack frames")'>Click to show all stack frames</a>
<div class='stack-trace' id='stack-trace1614109893'><pre>org.openqa.selenium.TimeoutException: java.util.concurrent.TimeoutException
Build info: version: &apos;4.11.0&apos;, revision: &apos;040bc5406b&apos;
System info: os.name: &apos;Windows 11&apos;, os.arch: &apos;amd64&apos;, os.version: &apos;10.0&apos;, java.version: &apos;17.0.6&apos;
Driver info: org.openqa.selenium.chrome.ChromeDriver
Command: [507140aadcc023176e4d8c63bc8e95bf, goBack {}]
Capabilities {acceptInsecureCerts: false, browserName: chrome, browserVersion: 116.0.5845.188, chrome: {chromedriverVersion: 116.0.5845.96 (1a3918166880..., userDataDir: C:\Users\RAHULR~1.360\AppDa...}, fedcm:accounts: true, goog:chromeOptions: {debuggerAddress: localhost:59987}, networkConnectionEnabled: false, pageLoadStrategy: normal, platformName: windows, proxy: Proxy(), se:cdp: ws://localhost:59987/devtoo..., se:cdpVersion: 116.0.5845.188, setWindowRect: true, strictFileInteractability: false, timeouts: {implicit: 0, pageLoad: 300000, script: 30000}, unhandledPromptBehavior: dismiss and notify, webauthn:extension:credBlob: true, webauthn:extension:largeBlob: true, webauthn:extension:minPinLength: true, webauthn:extension:prf: true, webauthn:virtualAuthenticators: true}
Session ID: 507140aadcc023176e4d8c63bc8e95bf
	at org.openqa.selenium.remote.http.jdk.JdkHttpClient.execute0(JdkHttpClient.java:391)
	at org.openqa.selenium.remote.http.AddSeleniumUserAgent.lambda$apply$0(AddSeleniumUserAgent.java:42)
	at org.openqa.selenium.remote.http.Filter.lambda$andFinally$1(Filter.java:55)
	at org.openqa.selenium.remote.http.jdk.JdkHttpClient.execute(JdkHttpClient.java:347)
	at org.openqa.selenium.remote.HttpCommandExecutor.execute(HttpCommandExecutor.java:188)
	at org.openqa.selenium.remote.service.DriverCommandExecutor.invokeExecute(DriverCommandExecutor.java:196)
	at org.openqa.selenium.remote.service.DriverCommandExecutor.execute(DriverCommandExecutor.java:171)
	at org.openqa.selenium.remote.RemoteWebDriver.execute(RemoteWebDriver.java:518)
	at org.openqa.selenium.remote.RemoteWebDriver.execute(RemoteWebDriver.java:591)
	at org.openqa.selenium.remote.RemoteWebDriver.execute(RemoteWebDriver.java:595)
	at org.openqa.selenium.remote.RemoteWebDriver$RemoteNavigation.back(RemoteWebDriver.java:997)
	at userProfile.VerifyProfileNameAndAvatarImg.deleteProfile(VerifyProfileNameAndAvatarImg.java:72)
	at java.base/jdk.internal.reflect.NativeMethodAccessorImpl.invoke0(Native Method)
	at java.base/jdk.internal.reflect.NativeMethodAccessorImpl.invoke(NativeMethodAccessorImpl.java:77)
	at java.base/jdk.internal.reflect.DelegatingMethodAccessorImpl.invoke(DelegatingMethodAccessorImpl.java:43)
	at java.base/java.lang.reflect.Method.invoke(Method.java:568)
	at org.testng.internal.MethodInvocationHelper.invokeMethod(MethodInvocationHelper.java:133)
	at org.testng.internal.TestInvoker.invokeMethod(TestInvoker.java:598)
	at org.testng.internal.TestInvoker.invokeTestMethod(TestInvoker.java:173)
	at org.testng.internal.MethodRunner.runInSequence(MethodRunner.java:46)
	at org.testng.internal.TestInvoker$MethodInvocationAgent.invoke(TestInvoker.java:824)
	at org.testng.internal.TestInvoker.invokeTestMethods(TestInvoker.java:146)
	at org.testng.internal.TestMethodWorker.invokeTestMethods(TestMethodWorker.java:146)
	at org.testng.internal.TestMethodWorker.run(TestMethodWorker.java:128)
	at java.base/java.util.ArrayList.forEach(ArrayList.java:1511)
	at org.testng.TestRunner.privateRun(TestRunner.java:794)
	at org.testng.TestRunner.run(TestRunner.java:596)
	at org.testng.SuiteRunner.runTest(SuiteRunner.java:377)
	at org.testng.SuiteRunner.runSequentially(SuiteRunner.java:371)
	at org.testng.SuiteRunner.privateRun(SuiteRunner.java:332)
	at org.testng.SuiteRunner.run(SuiteRunner.java:276)
	at org.testng.SuiteRunnerWorker.runSuite(SuiteRunnerWorker.java:53)
	at org.testng.SuiteRunnerWorker.run(SuiteRunnerWorker.java:96)
	at org.testng.TestNG.runSuitesSequentially(TestNG.java:1212)
	at org.testng.TestNG.runSuitesLocally(TestNG.java:1134)
	at org.testng.TestNG.runSuites(TestNG.java:1063)
	at org.testng.TestNG.run(TestNG.java:1031)
	at org.testng.remote.AbstractRemoteTestNG.run(AbstractRemoteTestNG.java:115)
	at org.testng.remote.RemoteTestNG.initAndRun(RemoteTestNG.java:251)
	at org.testng.remote.RemoteTestNG.main(RemoteTestNG.java:77)
Caused by: java.util.concurrent.TimeoutException
	at java.base/java.util.concurrent.CompletableFuture.timedGet(CompletableFuture.java:1960)
	at java.base/java.util.concurrent.CompletableFuture.get(CompletableFuture.java:2095)
	at org.openqa.selenium.remote.http.jdk.JdkHttpClient.execute0(JdkHttpClient.java:374)
	... 39 more
</pre></div></td>
<td>180</td>
<td>userProfile.VerifyProfileNameAndAvatarImg@1a245833</td></tr>
<tr>
<td title='userProfile.VerifyProfileNameAndAvatarImg.verifyNameAndSelectedIconOnShowPicker()'><b>verifyNameAndSelectedIconOnShowPicker</b><br>Test class: userProfile.VerifyProfileNameAndAvatarImg<br>Test method: C1693082-Name_and_selected_icon_on_show_picker-New_profile<br/>
<a href="#Output-184252305" onClick='toggleBox("Output-184252305", this, "Show output", "Hide output");'>Show output</a>

<a href="#Output-184252305" onClick="toggleAllBoxes();">Show all outputs</a>
<div class='log' id="Output-184252305">
Test started- verifyNameAndSelectedIconOnShowPicker<br/>
Test failed- verifyNameAndSelectedIconOnShowPicker<br/>
</div>
</td>
<td><div><pre>java.lang.NullPointerException: Cannot invoke &quot;String.split(String)&quot; because &quot;srcImg1&quot; is null
	at userProfile.VerifyProfileNameAndAvatarImg.verifyNameAndSelectedIconOnShowPicker(VerifyProfileNameAndAvatarImg.java:47)
	at java.base/java.util.ArrayList.forEach(ArrayList.java:1511)
... Removed 27 stack frames</pre></div><a href='#' onClick='toggleBox("stack-trace184252305", this, "Click to show all stack frames", "Click to hide stack frames")'>Click to show all stack frames</a>
<div class='stack-trace' id='stack-trace184252305'><pre>java.lang.NullPointerException: Cannot invoke &quot;String.split(String)&quot; because &quot;srcImg1&quot; is null
	at userProfile.VerifyProfileNameAndAvatarImg.verifyNameAndSelectedIconOnShowPicker(VerifyProfileNameAndAvatarImg.java:47)
	at java.base/jdk.internal.reflect.NativeMethodAccessorImpl.invoke0(Native Method)
	at java.base/jdk.internal.reflect.NativeMethodAccessorImpl.invoke(NativeMethodAccessorImpl.java:77)
	at java.base/jdk.internal.reflect.DelegatingMethodAccessorImpl.invoke(DelegatingMethodAccessorImpl.java:43)
	at java.base/java.lang.reflect.Method.invoke(Method.java:568)
	at org.testng.internal.MethodInvocationHelper.invokeMethod(MethodInvocationHelper.java:133)
	at org.testng.internal.TestInvoker.invokeMethod(TestInvoker.java:598)
	at org.testng.internal.TestInvoker.invokeTestMethod(TestInvoker.java:173)
	at org.testng.internal.MethodRunner.runInSequence(MethodRunner.java:46)
	at org.testng.internal.TestInvoker$MethodInvocationAgent.invoke(TestInvoker.java:824)
	at org.testng.internal.TestInvoker.invokeTestMethods(TestInvoker.java:146)
	at org.testng.internal.TestMethodWorker.invokeTestMethods(TestMethodWorker.java:146)
	at org.testng.internal.TestMethodWorker.run(TestMethodWorker.java:128)
	at java.base/java.util.ArrayList.forEach(ArrayList.java:1511)
	at org.testng.TestRunner.privateRun(TestRunner.java:794)
	at org.testng.TestRunner.run(TestRunner.java:596)
	at org.testng.SuiteRunner.runTest(SuiteRunner.java:377)
	at org.testng.SuiteRunner.runSequentially(SuiteRunner.java:371)
	at org.testng.SuiteRunner.privateRun(SuiteRunner.java:332)
	at org.testng.SuiteRunner.run(SuiteRunner.java:276)
	at org.testng.SuiteRunnerWorker.runSuite(SuiteRunnerWorker.java:53)
	at org.testng.SuiteRunnerWorker.run(SuiteRunnerWorker.java:96)
	at org.testng.TestNG.runSuitesSequentially(TestNG.java:1212)
	at org.testng.TestNG.runSuitesLocally(TestNG.java:1134)
	at org.testng.TestNG.runSuites(TestNG.java:1063)
	at org.testng.TestNG.run(TestNG.java:1031)
	at org.testng.remote.AbstractRemoteTestNG.run(AbstractRemoteTestNG.java:115)
	at org.testng.remote.RemoteTestNG.initAndRun(RemoteTestNG.java:251)
	at org.testng.remote.RemoteTestNG.main(RemoteTestNG.java:77)
</pre></div></td>
<td>46</td>
<td>userProfile.VerifyProfileNameAndAvatarImg@1a245833</td></tr>
</table><p>
<table width='100%' border='1' class='invocation-passed'>
<tr><td colspan='4' align='center'><b>PASSED TESTS</b></td></tr>
<tr><td><b>Test method</b></td>
<td width="30%"><b>Exception</b></td>
<td width="10%"><b>Time (seconds)</b></td>
<td><b>Instance</b></td>
</tr>
<tr>
<td title='userProfile.VerifyKidsUserProfile.verifyKidsUserProfilePicker()'><b>verifyKidsUserProfilePicker</b><br>Test class: userProfile.VerifyKidsUserProfile<br>Test method: C2402831- Verify_kids_user_profile_is_selected<br/>
<a href="#Output-1705382135" onClick='toggleBox("Output-1705382135", this, "Show output", "Hide output");'>Show output</a>

<a href="#Output-1705382135" onClick="toggleAllBoxes();">Show all outputs</a>
<div class='log' id="Output-1705382135">
Test started- verifyKidsUserProfilePicker<br/>
Test completed successfully- verifyKidsUserProfilePicker<br/>
</div>
</td>
<td></td>
<td>45</td>
<td>userProfile.VerifyKidsUserProfile@4d1bf319</td></tr>
<tr>
<td title='userProfile.VerifyNoShowPickerForKidsProfile.noShowPickerForKidsProfile()'><b>noShowPickerForKidsProfile</b><br>Test class: userProfile.VerifyNoShowPickerForKidsProfile<br>Test method: C1693080 - Kids profile Should not see the show picker<br/>
<a href="#Output-1336424603" onClick='toggleBox("Output-1336424603", this, "Show output", "Hide output");'>Show output</a>

<a href="#Output-1336424603" onClick="toggleAllBoxes();">Show all outputs</a>
<div class='log' id="Output-1336424603">
Test started- noShowPickerForKidsProfile<br/>
Test completed successfully- noShowPickerForKidsProfile<br/>
</div>
</td>
<td></td>
<td>80</td>
<td>userProfile.VerifyNoShowPickerForKidsProfile@7d900ecf</td></tr>
<tr>
<td title='userProfile.VerifyProfileNameCappedAt16Chars.deleteProfile()'><b>deleteProfile</b><br>Test class: userProfile.VerifyProfileNameCappedAt16Chars<br>Test method: Delete created user profile<br/>
<a href="#Output-865867007" onClick='toggleBox("Output-865867007", this, "Show output", "Hide output");'>Show output</a>

<a href="#Output-865867007" onClick="toggleAllBoxes();">Show all outputs</a>
<div class='log' id="Output-865867007">
Test started- deleteProfile<br/>
Test completed successfully- deleteProfile<br/>
</div>
</td>
<td></td>
<td>1</td>
<td>userProfile.VerifyProfileNameCappedAt16Chars@4007f65e</td></tr>
<tr>
<td title='userProfile.VerifyNewProfileShowPicker.newProfileShowPicker()'><b>newProfileShowPicker</b><br>Test class: userProfile.VerifyNewProfileShowPicker<br>Test method: C2355860-&-C1543386-&-C1543387-&-C1556664= Navigate_to_New_Profile_Show_Picker_&_Select_multiple_shows_&_Click_the_Next_button_&_User_is_landed_on_who's_watching_page_after_the_show_picker-New_Profile<br/>
<a href="#Output-315195453" onClick='toggleBox("Output-315195453", this, "Show output", "Hide output");'>Show output</a>

<a href="#Output-315195453" onClick="toggleAllBoxes();">Show all outputs</a>
<div class='log' id="Output-315195453">
Test started- newProfileShowPicker<br/>
Test completed successfully- newProfileShowPicker<br/>
</div>
</td>
<td></td>
<td>70</td>
<td>userProfile.VerifyNewProfileShowPicker@6f53b8a</td></tr>
<tr>
<td title='userProfile.VerifyDeleteKidsProfile.deleteKidsUserProfile()'><b>deleteKidsUserProfile</b><br>Test class: userProfile.VerifyDeleteKidsProfile<br/>
<a href="#Output-60186834" onClick='toggleBox("Output-60186834", this, "Show output", "Hide output");'>Show output</a>

<a href="#Output-60186834" onClick="toggleAllBoxes();">Show all outputs</a>
<div class='log' id="Output-60186834">
Test started- deleteKidsUserProfile<br/>
Test completed successfully- deleteKidsUserProfile<br/>
</div>
</td>
<td></td>
<td>42</td>
<td>userProfile.VerifyDeleteKidsProfile@6f01b95f</td></tr>
<tr>
<td title='userProfile.VerifyDeleteNewProfile.deleteNewProfile()'><b>deleteNewProfile</b><br>Test class: userProfile.VerifyDeleteNewProfile<br/>
<a href="#Output-1736382819" onClick='toggleBox("Output-1736382819", this, "Show output", "Hide output");'>Show output</a>

<a href="#Output-1736382819" onClick="toggleAllBoxes();">Show all outputs</a>
<div class='log' id="Output-1736382819">
Test started- deleteNewProfile<br/>
Test completed successfully- deleteNewProfile<br/>
</div>
</td>
<td></td>
<td>40</td>
<td>userProfile.VerifyDeleteNewProfile@5c80cf32</td></tr>
<tr>
<td title='userProfile.VerifyProfileNameCappedAt16Chars.VerifyProfileLengthOnShowPicker()'><b>VerifyProfileLengthOnShowPicker</b><br>Test class: userProfile.VerifyProfileNameCappedAt16Chars<br>Test method: C1556656_User's_profile_name_is_capped_at_16th_character<br/>
<a href="#Output-2067102091" onClick='toggleBox("Output-2067102091", this, "Show output", "Hide output");'>Show output</a>

<a href="#Output-2067102091" onClick="toggleAllBoxes();">Show all outputs</a>
<div class='log' id="Output-2067102091">
Test started- VerifyProfileLengthOnShowPicker<br/>
Test completed successfully- VerifyProfileLengthOnShowPicker<br/>
</div>
</td>
<td></td>
<td>53</td>
<td>userProfile.VerifyProfileNameCappedAt16Chars@4007f65e</td></tr>
<tr>
<td title='userProfile.VerifyAdultUserProfile.verifyAdultUserProfilePicker()'><b>verifyAdultUserProfilePicker</b><br>Test class: userProfile.VerifyAdultUserProfile<br>Test method: C2402830- Verify_adult_user_profile_is_selected<br/>
<a href="#Output-76314483" onClick='toggleBox("Output-76314483", this, "Show output", "Hide output");'>Show output</a>

<a href="#Output-76314483" onClick="toggleAllBoxes();">Show all outputs</a>
<div class='log' id="Output-76314483">
Test started- verifyAdultUserProfilePicker<br/>
Test completed successfully- verifyAdultUserProfilePicker<br/>
</div>
</td>
<td></td>
<td>42</td>
<td>userProfile.VerifyAdultUserProfile@6b695b06</td></tr>
</table><p>
</body>
</html>