<html>
<head>
<title>TestNG:  HomePage</title>
<link href="../testng.css" rel="stylesheet" type="text/css" />
<link href="../my-testng.css" rel="stylesheet" type="text/css" />

<style type="text/css">
.log { display: none;} 
.stack-trace { display: none;} 
</style>
<script type="text/javascript">
<!--
function flip(e) {
  current = e.style.display;
  if (current == 'block') {
    e.style.display = 'none';
    return 0;
  }
  else {
    e.style.display = 'block';
    return 1;
  }
}

function toggleBox(szDivId, elem, msg1, msg2)
{
  var res = -1;  if (document.getElementById) {
    res = flip(document.getElementById(szDivId));
  }
  else if (document.all) {
    // this is the way old msie versions work
    res = flip(document.all[szDivId]);
  }
  if(elem) {
    if(res == 0) elem.innerHTML = msg1; else elem.innerHTML = msg2;
  }

}

function toggleAllBoxes() {
  if (document.getElementsByTagName) {
    d = document.getElementsByTagName('div');
    for (i = 0; i < d.length; i++) {
      if (d[i].className == 'log') {
        flip(d[i]);
      }
    }
  }
}

// -->
</script>

</head>
<body>
<h2 align='center'>HomePage</h2><table border='1' align="center">
<tr>
<td>Tests passed/Failed/Skipped:</td><td>6/2/0</td>
</tr><tr>
<td>Started on:</td><td>Wed Aug 16 11:13:33 IST 2023</td>
</tr>
<tr><td>Total time:</td><td>847 seconds (847242 ms)</td>
</tr><tr>
<td>Included groups:</td><td></td>
</tr><tr>
<td>Excluded groups:</td><td></td>
</tr>
</table><p/>
<small><i>(Hover the method name to see the test class name)</i></small><p/>
<table width='100%' border='1' class='invocation-failed'>
<tr><td colspan='4' align='center'><b>FAILED TESTS</b></td></tr>
<tr><td><b>Test method</b></td>
<td width="30%"><b>Exception</b></td>
<td width="10%"><b>Time (seconds)</b></td>
<td><b>Instance</b></td>
</tr>
<tr>
<td title='homePage.VerifyNewBadge.verifyNewBadge()'><b>verifyNewBadge</b><br>Test class: homePage.VerifyNewBadge<br>Test method: C2402827- Verify_that_the_new_content_has_content_badges_with_ "new" _text_on_it<br/>
<a href="#Output-1986751746" onClick='toggleBox("Output-1986751746", this, "Show output", "Hide output");'>Show output</a>

<a href="#Output-1986751746" onClick="toggleAllBoxes();">Show all outputs</a>
<div class='log' id="Output-1986751746">
Test started- verifyNewBadge<br/>
Test failed- verifyNewBadge<br/>
</div>
</td>
<td><div><pre>java.lang.AssertionError: expected [false] but found [true]
	at homePage.VerifyNewBadge.verifyNewBadge(VerifyNewBadge.java:30)
	at java.base/java.util.ArrayList.forEach(ArrayList.java:1511)
... Removed 31 stack frames</pre></div><a href='#' onClick='toggleBox("stack-trace1986751746", this, "Click to show all stack frames", "Click to hide stack frames")'>Click to show all stack frames</a>
<div class='stack-trace' id='stack-trace1986751746'><pre>java.lang.AssertionError: expected [false] but found [true]
	at org.testng.Assert.fail(Assert.java:99)
	at org.testng.Assert.failNotEquals(Assert.java:1037)
	at org.testng.Assert.assertFalse(Assert.java:67)
	at org.testng.Assert.assertFalse(Assert.java:77)
	at homePage.VerifyNewBadge.verifyNewBadge(VerifyNewBadge.java:30)
	at java.base/jdk.internal.reflect.NativeMethodAccessorImpl.invoke0(Native Method)
	at java.base/jdk.internal.reflect.NativeMethodAccessorImpl.invoke(NativeMethodAccessorImpl.java:77)
	at java.base/jdk.internal.reflect.DelegatingMethodAccessorImpl.invoke(DelegatingMethodAccessorImpl.java:43)
	at java.base/java.lang.reflect.Method.invoke(Method.java:568)
	at org.testng.internal.MethodInvocationHelper.invokeMethod(MethodInvocationHelper.java:133)
	at org.testng.internal.TestInvoker.invokeMethod(TestInvoker.java:598)
	at org.testng.internal.TestInvoker.invokeTestMethod(TestInvoker.java:173)
	at org.testng.internal.MethodRunner.runInSequence(MethodRunner.java:46)
	at org.testng.internal.TestInvoker$MethodInvocationAgent.invoke(TestInvoker.java:824)
	at org.testng.internal.TestInvoker.invokeTestMethods(TestInvoker.java:146)
	at org.testng.internal.TestMethodWorker.invokeTestMethods(TestMethodWorker.java:146)
	at org.testng.internal.TestMethodWorker.run(TestMethodWorker.java:128)
	at java.base/java.util.ArrayList.forEach(ArrayList.java:1511)
	at org.testng.TestRunner.privateRun(TestRunner.java:794)
	at org.testng.TestRunner.run(TestRunner.java:596)
	at org.testng.SuiteRunner.runTest(SuiteRunner.java:377)
	at org.testng.SuiteRunner.runSequentially(SuiteRunner.java:371)
	at org.testng.SuiteRunner.privateRun(SuiteRunner.java:332)
	at org.testng.SuiteRunner.run(SuiteRunner.java:276)
	at org.testng.SuiteRunnerWorker.runSuite(SuiteRunnerWorker.java:53)
	at org.testng.SuiteRunnerWorker.run(SuiteRunnerWorker.java:96)
	at org.testng.TestNG.runSuitesSequentially(TestNG.java:1212)
	at org.testng.TestNG.runSuitesLocally(TestNG.java:1134)
	at org.testng.TestNG.runSuites(TestNG.java:1063)
	at org.testng.TestNG.run(TestNG.java:1031)
	at org.testng.remote.AbstractRemoteTestNG.run(AbstractRemoteTestNG.java:115)
	at org.testng.remote.RemoteTestNG.initAndRun(RemoteTestNG.java:251)
	at org.testng.remote.RemoteTestNG.main(RemoteTestNG.java:77)
</pre></div></td>
<td>109</td>
<td>homePage.VerifyNewBadge@6c1a5b54</td></tr>
<tr>
<td title='homePage.VerifyMyListCarouselDisplayed.verifyMyListCarouselIsDisplayed()'><b>verifyMyListCarouselIsDisplayed</b><br>Test class: homePage.VerifyMyListCarouselDisplayed<br>Test method: C1534304-At_least_1_show/movie_is_selected_for_watchlist<br/>
<a href="#Output-173402154" onClick='toggleBox("Output-173402154", this, "Show output", "Hide output");'>Show output</a>

<a href="#Output-173402154" onClick="toggleAllBoxes();">Show all outputs</a>
<div class='log' id="Output-173402154">
Test started- verifyMyListCarouselIsDisplayed<br/>
Test failed- verifyMyListCarouselIsDisplayed<br/>
</div>
</td>
<td><div><pre>org.openqa.selenium.NoSuchElementException: no such element: Unable to locate element: {&quot;method&quot;:&quot;xpath&quot;,&quot;selector&quot;:&quot;//h2[contains(text(),&apos;My List&apos;)]&quot;}
  (Session info: chrome=115.0.5790.171)
For documentation on this error, please visit: https://selenium.dev/exceptions/#no_such_element
Build info: version: &apos;4.1.4&apos;, revision: &apos;535d840ee2&apos;
System info: host: &apos;360NDCLP414&apos;, ip: &apos;192.168.1.7&apos;, os.name: &apos;Windows 11&apos;, os.arch: &apos;amd64&apos;, os.version: &apos;10.0&apos;, java.version: &apos;17.0.6&apos;
Driver info: org.openqa.selenium.chrome.ChromeDriver
Command: [59472a7bb2a95813bf143624609bb79b, findElement {using=xpath, value=//h2[contains(text(),&apos;My List&apos;)]}]
Capabilities {acceptInsecureCerts: false, browserName: chrome, browserVersion: 115.0.5790.171, chrome: {chromedriverVersion: 114.0.5735.90 (386bc09e8f4f..., userDataDir: C:\Users\RAHULR~1.360\AppDa...}, goog:chromeOptions: {debuggerAddress: localhost:58698}, javascriptEnabled: true, networkConnectionEnabled: false, pageLoadStrategy: normal, platform: WINDOWS, platformName: WINDOWS, proxy: Proxy(), se:cdp: ws://localhost:58698/devtoo..., se:cdpVersion: 115.0.5790.171, setWindowRect: true, strictFileInteractability: false, timeouts: {implicit: 0, pageLoad: 300000, script: 30000}, unhandledPromptBehavior: dismiss and notify, webauthn:extension:credBlob: true, webauthn:extension:largeBlob: true, webauthn:extension:minPinLength: true, webauthn:extension:prf: true, webauthn:virtualAuthenticators: true}
Session ID: 59472a7bb2a95813bf143624609bb79b
	at org.openqa.selenium.remote.codec.w3c.W3CHttpResponseCodec.createException(W3CHttpResponseCodec.java:200)
	at org.openqa.selenium.remote.codec.w3c.W3CHttpResponseCodec.decode(W3CHttpResponseCodec.java:133)
	at org.openqa.selenium.remote.codec.w3c.W3CHttpResponseCodec.decode(W3CHttpResponseCodec.java:53)
	at org.openqa.selenium.remote.HttpCommandExecutor.execute(HttpCommandExecutor.java:184)
	at org.openqa.selenium.remote.service.DriverCommandExecutor.invokeExecute(DriverCommandExecutor.java:167)
	at org.openqa.selenium.remote.service.DriverCommandExecutor.execute(DriverCommandExecutor.java:142)
	at org.openqa.selenium.remote.RemoteWebDriver.execute(RemoteWebDriver.java:567)
	at org.openqa.selenium.remote.ElementLocation$ElementFinder$2.findElement(ElementLocation.java:162)
	at org.openqa.selenium.remote.ElementLocation.findElement(ElementLocation.java:60)
	at org.openqa.selenium.remote.RemoteWebDriver.findElement(RemoteWebDriver.java:385)
	at org.openqa.selenium.remote.RemoteWebDriver.findElement(RemoteWebDriver.java:377)
	at org.openqa.selenium.support.pagefactory.DefaultElementLocator.findElement(DefaultElementLocator.java:70)
	at org.openqa.selenium.support.pagefactory.internal.LocatingElementHandler.invoke(LocatingElementHandler.java:39)
	at jdk.proxy2/jdk.proxy2.$Proxy33.getText(Unknown Source)
	at homePage.VerifyMyListCarouselDisplayed.verifyMyListCarouselIsDisplayed(VerifyMyListCarouselDisplayed.java:27)
	at java.base/java.util.ArrayList.forEach(ArrayList.java:1511)
... Removed 32 stack frames</pre></div><a href='#' onClick='toggleBox("stack-trace173402154", this, "Click to show all stack frames", "Click to hide stack frames")'>Click to show all stack frames</a>
<div class='stack-trace' id='stack-trace173402154'><pre>org.openqa.selenium.NoSuchElementException: no such element: Unable to locate element: {&quot;method&quot;:&quot;xpath&quot;,&quot;selector&quot;:&quot;//h2[contains(text(),&apos;My List&apos;)]&quot;}
  (Session info: chrome=115.0.5790.171)
For documentation on this error, please visit: https://selenium.dev/exceptions/#no_such_element
Build info: version: &apos;4.1.4&apos;, revision: &apos;535d840ee2&apos;
System info: host: &apos;360NDCLP414&apos;, ip: &apos;192.168.1.7&apos;, os.name: &apos;Windows 11&apos;, os.arch: &apos;amd64&apos;, os.version: &apos;10.0&apos;, java.version: &apos;17.0.6&apos;
Driver info: org.openqa.selenium.chrome.ChromeDriver
Command: [59472a7bb2a95813bf143624609bb79b, findElement {using=xpath, value=//h2[contains(text(),&apos;My List&apos;)]}]
Capabilities {acceptInsecureCerts: false, browserName: chrome, browserVersion: 115.0.5790.171, chrome: {chromedriverVersion: 114.0.5735.90 (386bc09e8f4f..., userDataDir: C:\Users\RAHULR~1.360\AppDa...}, goog:chromeOptions: {debuggerAddress: localhost:58698}, javascriptEnabled: true, networkConnectionEnabled: false, pageLoadStrategy: normal, platform: WINDOWS, platformName: WINDOWS, proxy: Proxy(), se:cdp: ws://localhost:58698/devtoo..., se:cdpVersion: 115.0.5790.171, setWindowRect: true, strictFileInteractability: false, timeouts: {implicit: 0, pageLoad: 300000, script: 30000}, unhandledPromptBehavior: dismiss and notify, webauthn:extension:credBlob: true, webauthn:extension:largeBlob: true, webauthn:extension:minPinLength: true, webauthn:extension:prf: true, webauthn:virtualAuthenticators: true}
Session ID: 59472a7bb2a95813bf143624609bb79b
	at java.base/jdk.internal.reflect.NativeConstructorAccessorImpl.newInstance0(Native Method)
	at java.base/jdk.internal.reflect.NativeConstructorAccessorImpl.newInstance(NativeConstructorAccessorImpl.java:77)
	at java.base/jdk.internal.reflect.DelegatingConstructorAccessorImpl.newInstance(DelegatingConstructorAccessorImpl.java:45)
	at java.base/java.lang.reflect.Constructor.newInstanceWithCaller(Constructor.java:499)
	at java.base/java.lang.reflect.Constructor.newInstance(Constructor.java:480)
	at org.openqa.selenium.remote.codec.w3c.W3CHttpResponseCodec.createException(W3CHttpResponseCodec.java:200)
	at org.openqa.selenium.remote.codec.w3c.W3CHttpResponseCodec.decode(W3CHttpResponseCodec.java:133)
	at org.openqa.selenium.remote.codec.w3c.W3CHttpResponseCodec.decode(W3CHttpResponseCodec.java:53)
	at org.openqa.selenium.remote.HttpCommandExecutor.execute(HttpCommandExecutor.java:184)
	at org.openqa.selenium.remote.service.DriverCommandExecutor.invokeExecute(DriverCommandExecutor.java:167)
	at org.openqa.selenium.remote.service.DriverCommandExecutor.execute(DriverCommandExecutor.java:142)
	at org.openqa.selenium.remote.RemoteWebDriver.execute(RemoteWebDriver.java:567)
	at org.openqa.selenium.remote.ElementLocation$ElementFinder$2.findElement(ElementLocation.java:162)
	at org.openqa.selenium.remote.ElementLocation.findElement(ElementLocation.java:60)
	at org.openqa.selenium.remote.RemoteWebDriver.findElement(RemoteWebDriver.java:385)
	at org.openqa.selenium.remote.RemoteWebDriver.findElement(RemoteWebDriver.java:377)
	at org.openqa.selenium.support.pagefactory.DefaultElementLocator.findElement(DefaultElementLocator.java:70)
	at org.openqa.selenium.support.pagefactory.internal.LocatingElementHandler.invoke(LocatingElementHandler.java:39)
	at jdk.proxy2/jdk.proxy2.$Proxy33.getText(Unknown Source)
	at homePage.VerifyMyListCarouselDisplayed.verifyMyListCarouselIsDisplayed(VerifyMyListCarouselDisplayed.java:27)
	at java.base/jdk.internal.reflect.NativeMethodAccessorImpl.invoke0(Native Method)
	at java.base/jdk.internal.reflect.NativeMethodAccessorImpl.invoke(NativeMethodAccessorImpl.java:77)
	at java.base/jdk.internal.reflect.DelegatingMethodAccessorImpl.invoke(DelegatingMethodAccessorImpl.java:43)
	at java.base/java.lang.reflect.Method.invoke(Method.java:568)
	at org.testng.internal.MethodInvocationHelper.invokeMethod(MethodInvocationHelper.java:133)
	at org.testng.internal.TestInvoker.invokeMethod(TestInvoker.java:598)
	at org.testng.internal.TestInvoker.invokeTestMethod(TestInvoker.java:173)
	at org.testng.internal.MethodRunner.runInSequence(MethodRunner.java:46)
	at org.testng.internal.TestInvoker$MethodInvocationAgent.invoke(TestInvoker.java:824)
	at org.testng.internal.TestInvoker.invokeTestMethods(TestInvoker.java:146)
	at org.testng.internal.TestMethodWorker.invokeTestMethods(TestMethodWorker.java:146)
	at org.testng.internal.TestMethodWorker.run(TestMethodWorker.java:128)
	at java.base/java.util.ArrayList.forEach(ArrayList.java:1511)
	at org.testng.TestRunner.privateRun(TestRunner.java:794)
	at org.testng.TestRunner.run(TestRunner.java:596)
	at org.testng.SuiteRunner.runTest(SuiteRunner.java:377)
	at org.testng.SuiteRunner.runSequentially(SuiteRunner.java:371)
	at org.testng.SuiteRunner.privateRun(SuiteRunner.java:332)
	at org.testng.SuiteRunner.run(SuiteRunner.java:276)
	at org.testng.SuiteRunnerWorker.runSuite(SuiteRunnerWorker.java:53)
	at org.testng.SuiteRunnerWorker.run(SuiteRunnerWorker.java:96)
	at org.testng.TestNG.runSuitesSequentially(TestNG.java:1212)
	at org.testng.TestNG.runSuitesLocally(TestNG.java:1134)
	at org.testng.TestNG.runSuites(TestNG.java:1063)
	at org.testng.TestNG.run(TestNG.java:1031)
	at org.testng.remote.AbstractRemoteTestNG.run(AbstractRemoteTestNG.java:115)
	at org.testng.remote.RemoteTestNG.initAndRun(RemoteTestNG.java:251)
	at org.testng.remote.RemoteTestNG.main(RemoteTestNG.java:77)
</pre></div></td>
<td>119</td>
<td>homePage.VerifyMyListCarouselDisplayed@60099951</td></tr>
</table><p>
<table width='100%' border='1' class='invocation-passed'>
<tr><td colspan='4' align='center'><b>PASSED TESTS</b></td></tr>
<tr><td><b>Test method</b></td>
<td width="30%"><b>Exception</b></td>
<td width="10%"><b>Time (seconds)</b></td>
<td><b>Instance</b></td>
</tr>
<tr>
<td title='homePage.VerifyJustAddedBadge.verifyJustAddedBadge()'><b>verifyJustAddedBadge</b><br>Test class: homePage.VerifyJustAddedBadge<br>Test method: C2402828- Verify_that_New_Movie_and_New_Series_has_updated_ "Just Added" _text_to_it<br/>
<a href="#Output-30604162" onClick='toggleBox("Output-30604162", this, "Show output", "Hide output");'>Show output</a>

<a href="#Output-30604162" onClick="toggleAllBoxes();">Show all outputs</a>
<div class='log' id="Output-30604162">
Test started- verifyJustAddedBadge<br/>
Test completed successfully- verifyJustAddedBadge<br/>
</div>
</td>
<td></td>
<td>75</td>
<td>homePage.VerifyJustAddedBadge@1ffaf86</td></tr>
<tr>
<td title='homePage.VerifyKeepWatchingCarousel.keepWatchingCarouserl()'><b>keepWatchingCarouserl</b><br>Test class: homePage.VerifyKeepWatchingCarousel<br>Test method: C1860892-User_Navigates_to_Show_Detail_Page<br/>
<a href="#Output-541957855" onClick='toggleBox("Output-541957855", this, "Show output", "Hide output");'>Show output</a>

<a href="#Output-541957855" onClick="toggleAllBoxes();">Show all outputs</a>
<div class='log' id="Output-541957855">
Test started- keepWatchingCarouserl<br/>
Test completed successfully- keepWatchingCarouserl<br/>
</div>
</td>
<td></td>
<td>118</td>
<td>homePage.VerifyKeepWatchingCarousel@6574a52c</td></tr>
<tr>
<td title='homePage.VerifyMyListCarouselNotDisplayed.verifyNoMyListCarousel()'><b>verifyNoMyListCarousel</b><br>Test class: homePage.VerifyMyListCarouselNotDisplayed<br>Test method: C1533531-If_no_shows/movies_were_added_to_Watchlist<br/>
<a href="#Output-1251724953" onClick='toggleBox("Output-1251724953", this, "Show output", "Hide output");'>Show output</a>

<a href="#Output-1251724953" onClick="toggleAllBoxes();">Show all outputs</a>
<div class='log' id="Output-1251724953">
Test started- verifyNoMyListCarousel<br/>
Test completed successfully- verifyNoMyListCarousel<br/>
</div>
</td>
<td></td>
<td>140</td>
<td>homePage.VerifyMyListCarouselNotDisplayed@1c7696c6</td></tr>
<tr>
<td title='homePage.VerifyFooterParamountLogo.verifyFooterLogo()'><b>verifyFooterLogo</b><br>Test class: homePage.VerifyFooterParamountLogo<br>Test method: C1693084-Header_disappears_and_P+_logo_appears_on_the_navigation_bar<br/>
<a href="#Output-812229472" onClick='toggleBox("Output-812229472", this, "Show output", "Hide output");'>Show output</a>

<a href="#Output-812229472" onClick="toggleAllBoxes();">Show all outputs</a>
<div class='log' id="Output-812229472">
Test started- verifyFooterLogo<br/>
Test completed successfully- verifyFooterLogo<br/>
</div>
</td>
<td></td>
<td>37</td>
<td>homePage.VerifyFooterParamountLogo@791f145a</td></tr>
<tr>
<td title='homePage.VerifyHomePage.homePage()'><b>homePage</b><br>Test class: homePage.VerifyHomePage<br>Test method: C1595116-Navigate_to_Homepage<br/>
<a href="#Output-831931099" onClick='toggleBox("Output-831931099", this, "Show output", "Hide output");'>Show output</a>

<a href="#Output-831931099" onClick="toggleAllBoxes();">Show all outputs</a>
<div class='log' id="Output-831931099">
Test started- homePage<br/>
Test completed successfully- homePage<br/>
</div>
</td>
<td></td>
<td>34</td>
<td>homePage.VerifyHomePage@13e344d</td></tr>
<tr>
<td title='homePage.VerifyGoAddFreeCTA.verifyGoCommercialFreeCTA()'><b>verifyGoCommercialFreeCTA</b><br>Test class: homePage.VerifyGoAddFreeCTA<br>Test method: C1543391-Click_the_Go_Commercial_Free_button_&_Verify_Switch_Plan_Page<br/>
<a href="#Output-1586868395" onClick='toggleBox("Output-1586868395", this, "Show output", "Hide output");'>Show output</a>

<a href="#Output-1586868395" onClick="toggleAllBoxes();">Show all outputs</a>
<div class='log' id="Output-1586868395">
Test started- verifyGoCommercialFreeCTA<br/>
Test completed successfully- verifyGoCommercialFreeCTA<br/>
</div>
</td>
<td></td>
<td>50</td>
<td>homePage.VerifyGoAddFreeCTA@368247b9</td></tr>
</table><p>
</body>
</html>