<?xml version="1.0" encoding="UTF-8"?>
<!-- Generated by org.testng.reporters.JUnitXMLReporter -->
<testsuite ignored="0" hostname="360NDCLP414" failures="0" tests="1" name="SeachResult" time="4.153" errors="0" timestamp="2023-06-08T05:40:29 IST">
  <testcase classname="com.paramountplus.genericUtility.BaseClass" name="@BeforeClass beforeClass" time="4.103">
    <failure type="org.openqa.selenium.remote.http.ConnectionFailedException" message="Unable to establish websocket connection to http://localhost:57143/devtools/browser/14141a72-2d1f-487d-9bb5-e86ee878f02f
Build info: version: &amp;apos;4.8.1&amp;apos;, revision: &amp;apos;8ebccac989&amp;apos;
System info: os.name: &amp;apos;Windows 11&amp;apos;, os.arch: &amp;apos;amd64&amp;apos;, os.version: &amp;apos;10.0&amp;apos;, java.version: &amp;apos;17.0.6&amp;apos;
Driver info: driver.version: EdgeDriver">
      <![CDATA[org.openqa.selenium.remote.http.ConnectionFailedException: Unable to establish websocket connection to http://localhost:57143/devtools/browser/14141a72-2d1f-487d-9bb5-e86ee878f02f
Build info: version: '4.8.1', revision: '8ebccac989'
System info: os.name: 'Windows 11', os.arch: 'amd64', os.version: '10.0', java.version: '17.0.6'
Driver info: driver.version: EdgeDriver
at org.openqa.selenium.remote.http.netty.NettyWebSocket.<init>(NettyWebSocket.java:102)
at org.openqa.selenium.remote.http.netty.NettyWebSocket.lambda$create$3(NettyWebSocket.java:128)
at org.openqa.selenium.remote.http.netty.NettyClient.openSocket(NettyClient.java:107)
at org.openqa.selenium.devtools.Connection.<init>(Connection.java:78)
at org.openqa.selenium.chromium.ChromiumDriver.lambda$new$2(ChromiumDriver.java:116)
at java.base/java.util.Optional.map(Optional.java:260)
at org.openqa.selenium.chromium.ChromiumDriver.<init>(ChromiumDriver.java:114)
at org.openqa.selenium.edge.EdgeDriver.<init>(EdgeDriver.java:54)
at org.openqa.selenium.edge.EdgeDriver.<init>(EdgeDriver.java:46)
at com.paramountplus.genericUtility.BaseClass.beforeClass(BaseClass.java:134)
at java.base/java.util.ArrayList.forEach(ArrayList.java:1511)
... Removed 25 stack frames]]>
    </failure>
  </testcase> <!-- @BeforeClass beforeClass -->
  <testcase classname="com.paramountplus.genericUtility.BaseClass" name="@AfterMethod afterMethod" time="-1.686183029178E9">
    <skipped/>
  </testcase> <!-- @AfterMethod afterMethod -->
  <testcase classname="com.paramountplus.genericUtility.BaseClass" name="@AfterClass afterClass" time="-1.68618302918E9">
    <skipped/>
  </testcase> <!-- @AfterClass afterClass -->
  <testcase classname="searchResult.VerifySearchResult" name="performSearchAndVerifyResult" time="0.0">
    <skipped/>
  </testcase> <!-- performSearchAndVerifyResult -->
</testsuite> <!-- SeachResult -->
